

> @ai16z/client-bluesky@0.1.0 build /home/ubuntu/repos/eliza/packages/client-bluesky
> tsup src/index.ts --format esm --dts

[34mCLI[39m Building entry: src/index.ts
[34mCLI[39m Using tsconfig: tsconfig.json
[34mCLI[39m tsup v8.3.5
[34mCLI[39m Target: es2020
[34mESM[39m Build start
[32mESM[39m [1mdist/index.js [22m[32m1.14 KB[39m
[32mESM[39m ‚ö°Ô∏è Build success in 19ms
DTS Build start
src/index.ts(1,52): error TS7016: Could not find a declaration file for module '@ai16z/eliza'. '/home/ubuntu/repos/eliza/packages/core/dist/index.js' implicitly has an 'any' type.
  Try `npm i --save-dev @types/ai16z__eliza` if it exists or add a new declaration (.d.ts) file containing `declare module '@ai16z/eliza';`
src/index.ts(2,31): error TS2835: Relative import paths need explicit file extensions in ECMAScript imports when '--moduleResolution' is 'node16' or 'nodenext'. Did you mean './client.js'?
src/index.ts(3,39): error TS2835: Relative import paths need explicit file extensions in ECMAScript imports when '--moduleResolution' is 'node16' or 'nodenext'. Did you mean './environment.js'?

[31mError: error occurred in dts build
    at Worker.<anonymous> (/home/ubuntu/repos/eliza/node_modules/tsup/dist/index.js:1541:26)
    at Worker.emit (node:events:518:28)
    at MessagePort.<anonymous> (node:internal/worker:267:53)
    at [nodejs.internal.kHybridDispatch] (node:internal/event_target:816:20)
    at MessagePort.<anonymous> (node:internal/per_context/messageport:23:28)[39m
DTS Build error
[41m[30m‚ÄâELIFECYCLE‚Äâ[39m[49m [31mCommand failed with exit code 1.[39m
